0 info it worked if it ends with ok
1 verbose cli [ 'node',
1 verbose cli   '/usr/local/bin/npm',
1 verbose cli   'install',
1 verbose cli   'connect',
1 verbose cli   'serve-static' ]
2 info using npm@1.4.28
3 info using node@v0.10.33
4 verbose cache add [ 'connect', null ]
5 verbose cache add name=undefined spec="connect" args=["connect",null]
6 verbose parsed url { protocol: null,
6 verbose parsed url   slashes: null,
6 verbose parsed url   auth: null,
6 verbose parsed url   host: null,
6 verbose parsed url   port: null,
6 verbose parsed url   hostname: null,
6 verbose parsed url   hash: null,
6 verbose parsed url   search: null,
6 verbose parsed url   query: null,
6 verbose parsed url   pathname: 'connect',
6 verbose parsed url   path: 'connect',
6 verbose parsed url   href: 'connect' }
7 verbose cache add [ 'serve-static', null ]
8 verbose cache add name=undefined spec="serve-static" args=["serve-static",null]
9 verbose parsed url { protocol: null,
9 verbose parsed url   slashes: null,
9 verbose parsed url   auth: null,
9 verbose parsed url   host: null,
9 verbose parsed url   port: null,
9 verbose parsed url   hostname: null,
9 verbose parsed url   hash: null,
9 verbose parsed url   search: null,
9 verbose parsed url   query: null,
9 verbose parsed url   pathname: 'serve-static',
9 verbose parsed url   path: 'serve-static',
9 verbose parsed url   href: 'serve-static' }
10 silly lockFile f11a107f-connect connect
11 verbose lock connect /Users/apple/.npm/f11a107f-connect.lock
12 silly lockFile fae0c2c0-serve-static serve-static
13 verbose lock serve-static /Users/apple/.npm/fae0c2c0-serve-static.lock
14 silly lockFile f11a107f-connect connect
15 silly lockFile f11a107f-connect connect
16 silly lockFile fae0c2c0-serve-static serve-static
17 silly lockFile fae0c2c0-serve-static serve-static
18 verbose addNamed [ 'connect', '' ]
19 verbose addNamed [ null, '*' ]
20 silly lockFile 6c45e0f3-connect connect@
21 verbose lock connect@ /Users/apple/.npm/6c45e0f3-connect.lock
22 verbose addNamed [ 'serve-static', '' ]
23 verbose addNamed [ null, '*' ]
24 silly lockFile 5f35dc5b-serve-static serve-static@
25 verbose lock serve-static@ /Users/apple/.npm/5f35dc5b-serve-static.lock
26 silly addNameRange { name: 'connect', range: '*', hasData: false }
27 silly addNameRange { name: 'serve-static', range: '*', hasData: false }
28 verbose request where is /serve-static
29 verbose request registry https://registry.npmjs.org/
30 verbose request id 1bce053fff1c9184
31 verbose url raw /serve-static
32 verbose url resolving [ 'https://registry.npmjs.org/', './serve-static' ]
33 verbose url resolved https://registry.npmjs.org/serve-static
34 verbose request where is https://registry.npmjs.org/serve-static
35 info trying registry request attempt 1 at 21:36:16
36 verbose etag "45TJ05L61ROO5PXTKT6IBQ9B2"
37 http GET https://registry.npmjs.org/serve-static
38 verbose request where is /connect
39 verbose request registry https://registry.npmjs.org/
40 verbose url raw /connect
41 verbose url resolving [ 'https://registry.npmjs.org/', './connect' ]
42 verbose url resolved https://registry.npmjs.org/connect
43 verbose request where is https://registry.npmjs.org/connect
44 info trying registry request attempt 1 at 21:36:16
45 verbose etag "15LQ4Z1XV8N5A9VNPQVM48QJQ"
46 http GET https://registry.npmjs.org/connect
47 http 200 https://registry.npmjs.org/serve-static
48 silly registry.get cb [ 200,
48 silly registry.get   { date: 'Thu, 20 Nov 2014 02:36:16 GMT',
48 silly registry.get     server: 'CouchDB/1.5.0 (Erlang OTP/R16B03)',
48 silly registry.get     etag: '"4WUUU9IS0SCZSEIOKQK7S2PUX"',
48 silly registry.get     'content-type': 'application/json',
48 silly registry.get     'cache-control': 'max-age=60',
48 silly registry.get     'content-length': '52056',
48 silly registry.get     'accept-ranges': 'bytes',
48 silly registry.get     via: '1.1 varnish',
48 silly registry.get     age: '58',
48 silly registry.get     'x-served-by': 'cache-iad2135-IAD',
48 silly registry.get     'x-cache': 'HIT',
48 silly registry.get     'x-cache-hits': '1',
48 silly registry.get     'x-timer': 'S1416450976.707885,VS0,VE0',
48 silly registry.get     vary: 'Accept',
48 silly registry.get     'keep-alive': 'timeout=10, max=50',
48 silly registry.get     connection: 'Keep-Alive' } ]
49 silly addNameRange number 2 { name: 'serve-static', range: '*', hasData: true }
50 silly addNameRange versions [ 'serve-static',
50 silly addNameRange   [ '1.0.0',
50 silly addNameRange     '1.0.1',
50 silly addNameRange     '1.0.2',
50 silly addNameRange     '1.0.3',
50 silly addNameRange     '1.0.4',
50 silly addNameRange     '1.1.0',
50 silly addNameRange     '1.2.0',
50 silly addNameRange     '1.2.1',
50 silly addNameRange     '1.2.2',
50 silly addNameRange     '1.2.3',
50 silly addNameRange     '1.3.0',
50 silly addNameRange     '1.3.1',
50 silly addNameRange     '1.3.2',
50 silly addNameRange     '1.4.0',
50 silly addNameRange     '1.4.1',
50 silly addNameRange     '1.4.2',
50 silly addNameRange     '1.4.3',
50 silly addNameRange     '1.4.4',
50 silly addNameRange     '1.5.0',
50 silly addNameRange     '1.5.1',
50 silly addNameRange     '1.5.2',
50 silly addNameRange     '1.5.3',
50 silly addNameRange     '1.5.4',
50 silly addNameRange     '1.6.0',
50 silly addNameRange     '1.6.1',
50 silly addNameRange     '1.6.2',
50 silly addNameRange     '1.6.3',
50 silly addNameRange     '1.6.4',
50 silly addNameRange     '1.7.0',
50 silly addNameRange     '1.7.1' ] ]
51 verbose addNamed [ 'serve-static', '1.7.1' ]
52 verbose addNamed [ '1.7.1', '1.7.1' ]
53 silly lockFile a220176a-serve-static-1-7-1 serve-static@1.7.1
54 verbose lock serve-static@1.7.1 /Users/apple/.npm/a220176a-serve-static-1-7-1.lock
55 silly lockFile 87398b6b-ve-static-serve-static-1-7-1-tgz https://registry.npmjs.org/serve-static/-/serve-static-1.7.1.tgz
56 verbose lock https://registry.npmjs.org/serve-static/-/serve-static-1.7.1.tgz /Users/apple/.npm/87398b6b-ve-static-serve-static-1-7-1-tgz.lock
57 verbose addRemoteTarball [ 'https://registry.npmjs.org/serve-static/-/serve-static-1.7.1.tgz',
57 verbose addRemoteTarball   '6ea54d5ba7ef563f00e5fad25d0e4f5307e9809b' ]
58 info retry fetch attempt 1 at 21:36:16
59 verbose fetch to= /var/folders/fz/n09rqxkd1_sd1w_9ww_2crwr0000gn/T/npm-18632-nrd0bUQ3/registry.npmjs.org/serve-static/-/serve-static-1.7.1.tgz
60 http GET https://registry.npmjs.org/serve-static/-/serve-static-1.7.1.tgz
61 http 200 https://registry.npmjs.org/serve-static/-/serve-static-1.7.1.tgz
62 silly lockFile 87398b6b-ve-static-serve-static-1-7-1-tgz https://registry.npmjs.org/serve-static/-/serve-static-1.7.1.tgz
63 silly lockFile 87398b6b-ve-static-serve-static-1-7-1-tgz https://registry.npmjs.org/serve-static/-/serve-static-1.7.1.tgz
64 silly lockFile a220176a-serve-static-1-7-1 serve-static@1.7.1
65 silly lockFile a220176a-serve-static-1-7-1 serve-static@1.7.1
66 silly lockFile 5f35dc5b-serve-static serve-static@
67 silly lockFile 5f35dc5b-serve-static serve-static@
68 http 200 https://registry.npmjs.org/connect
69 silly registry.get cb [ 200,
69 silly registry.get   { date: 'Thu, 20 Nov 2014 02:36:16 GMT',
69 silly registry.get     server: 'CouchDB/1.5.0 (Erlang OTP/R16B03)',
69 silly registry.get     etag: '"7AQ16GUHFKRXJS3ZAQ0FL8XOV"',
69 silly registry.get     'content-type': 'application/json',
69 silly registry.get     'cache-control': 'max-age=60',
69 silly registry.get     'content-length': '294471',
69 silly registry.get     'accept-ranges': 'bytes',
69 silly registry.get     via: '1.1 varnish',
69 silly registry.get     age: '50',
69 silly registry.get     'x-served-by': 'cache-iad2121-IAD',
69 silly registry.get     'x-cache': 'HIT',
69 silly registry.get     'x-cache-hits': '2',
69 silly registry.get     'x-timer': 'S1416450976.708092,VS0,VE0',
69 silly registry.get     vary: 'Accept',
69 silly registry.get     'keep-alive': 'timeout=10, max=50',
69 silly registry.get     connection: 'Keep-Alive' } ]
70 silly addNameRange number 2 { name: 'connect', range: '*', hasData: true }
71 silly addNameRange versions [ 'connect',
71 silly addNameRange   [ '0.0.1',
71 silly addNameRange     '0.0.2',
71 silly addNameRange     '0.0.3',
71 silly addNameRange     '0.0.4',
71 silly addNameRange     '0.0.5',
71 silly addNameRange     '0.0.6',
71 silly addNameRange     '0.1.0',
71 silly addNameRange     '0.2.0',
71 silly addNameRange     '0.2.1',
71 silly addNameRange     '0.2.2',
71 silly addNameRange     '0.2.3',
71 silly addNameRange     '0.2.4',
71 silly addNameRange     '0.2.5',
71 silly addNameRange     '0.2.6',
71 silly addNameRange     '0.2.7',
71 silly addNameRange     '0.3.0',
71 silly addNameRange     '0.4.0',
71 silly addNameRange     '0.5.0',
71 silly addNameRange     '0.5.1',
71 silly addNameRange     '0.5.2',
71 silly addNameRange     '0.5.3',
71 silly addNameRange     '0.5.4',
71 silly addNameRange     '0.5.5',
71 silly addNameRange     '0.5.6',
71 silly addNameRange     '0.5.7',
71 silly addNameRange     '0.5.8',
71 silly addNameRange     '0.5.9',
71 silly addNameRange     '0.5.10',
71 silly addNameRange     '1.0.0',
71 silly addNameRange     '1.0.1',
71 silly addNameRange     '1.0.2',
71 silly addNameRange     '1.0.3',
71 silly addNameRange     '1.0.4',
71 silly addNameRange     '1.0.5',
71 silly addNameRange     '1.0.6',
71 silly addNameRange     '1.1.0',
71 silly addNameRange     '1.1.1',
71 silly addNameRange     '1.1.2',
71 silly addNameRange     '1.1.3',
71 silly addNameRange     '1.1.4',
71 silly addNameRange     '1.1.5',
71 silly addNameRange     '1.2.0',
71 silly addNameRange     '1.2.1',
71 silly addNameRange     '1.2.2',
71 silly addNameRange     '1.2.3',
71 silly addNameRange     '1.3.0',
71 silly addNameRange     '1.4.0',
71 silly addNameRange     '1.4.1',
71 silly addNameRange     '1.4.2',
71 silly addNameRange     '1.4.3',
71 silly addNameRange     '1.4.4',
71 silly addNameRange     '1.4.5',
71 silly addNameRange     '1.4.6',
71 silly addNameRange     '1.5.0',
71 silly addNameRange     '1.5.1',
71 silly addNameRange     '1.5.2',
71 silly addNameRange     '1.6.0',
71 silly addNameRange     '1.6.1',
71 silly addNameRange     '1.6.2',
71 silly addNameRange     '1.6.3',
71 silly addNameRange     '1.6.4',
71 silly addNameRange     '1.7.0',
71 silly addNameRange     '1.7.1',
71 silly addNameRange     '1.7.2',
71 silly addNameRange     '1.7.3',
71 silly addNameRange     '1.8.0',
71 silly addNameRange     '1.8.1',
71 silly addNameRange     '1.8.2',
71 silly addNameRange     '1.8.3',
71 silly addNameRange     '1.8.4',
71 silly addNameRange     '1.8.5',
71 silly addNameRange     '2.0.0',
71 silly addNameRange     '2.0.1',
71 silly addNameRange     '2.0.2',
71 silly addNameRange     '2.0.3',
71 silly addNameRange     '1.8.6',
71 silly addNameRange     '2.1.0',
71 silly addNameRange     '2.1.1',
71 silly addNameRange     '2.1.2',
71 silly addNameRange     '1.8.7',
71 silly addNameRange     '2.1.3',
71 silly addNameRange     '2.2.0',
71 silly addNameRange     '2.2.1',
71 silly addNameRange     '2.2.2',
71 silly addNameRange     '2.3.0',
71 silly addNameRange     '2.3.1',
71 silly addNameRange     '2.3.2',
71 silly addNameRange     '2.3.3',
71 silly addNameRange     '1.9.0',
71 silly addNameRange     '1.9.1',
71 silly addNameRange     '2.3.4',
71 silly addNameRange     '2.3.5',
71 silly addNameRange     '2.3.6',
71 silly addNameRange     '2.3.7',
71 silly addNameRange     '1.9.2',
71 silly addNameRange     '2.3.8',
71 silly addNameRange     '2.3.9',
71 silly addNameRange     '2.4.0',
71 silly addNameRange     '2.4.1',
71 silly addNameRange     '2.4.2',
71 silly addNameRange     '2.4.3',
71 silly addNameRange     '2.4.4',
71 silly addNameRange     '2.4.5',
71 silly addNameRange     '2.4.6',
71 silly addNameRange     '2.5.0',
71 silly addNameRange     '2.6.0',
71 silly addNameRange     '2.6.1',
71 silly addNameRange     '2.6.2',
71 silly addNameRange     '2.7.0',
71 silly addNameRange     '2.7.1',
71 silly addNameRange     '2.7.2',
71 silly addNameRange     '2.7.3',
71 silly addNameRange     '2.7.4',
71 silly addNameRange     '2.7.5',
71 silly addNameRange     '2.7.6',
71 silly addNameRange     '2.7.7',
71 silly addNameRange     '2.7.8',
71 silly addNameRange     '2.7.9',
71 silly addNameRange     '2.7.10',
71 silly addNameRange     '2.7.11',
71 silly addNameRange     '2.8.0',
71 silly addNameRange     '2.8.1',
71 silly addNameRange     '2.8.2',
71 silly addNameRange     '2.8.3',
71 silly addNameRange     '2.8.4',
71 silly addNameRange     '2.8.5',
71 silly addNameRange     '2.8.6',
71 silly addNameRange     '2.8.7',
71 silly addNameRange     '2.8.8',
71 silly addNameRange     '2.9.0',
71 silly addNameRange     '2.9.1',
71 silly addNameRange     '2.9.2',
71 silly addNameRange     '2.10.0',
71 silly addNameRange     '2.10.1',
71 silly addNameRange     '2.11.0',
71 silly addNameRange     '2.11.1',
71 silly addNameRange     '2.11.2',
71 silly addNameRange     '2.12.0',
71 silly addNameRange     '2.13.0',
71 silly addNameRange     '2.13.1',
71 silly addNameRange     '2.14.0',
71 silly addNameRange     '2.14.1',
71 silly addNameRange     '3.0.0-rc.1',
71 silly addNameRange     '2.14.2',
71 silly addNameRange     '2.14.3',
71 silly addNameRange     '2.14.4',
71 silly addNameRange     '2.14.5',
71 silly addNameRange     '2.15.0',
71 silly addNameRange     '3.0.0-rc.2',
71 silly addNameRange     '2.16.0',
71 silly addNameRange     '2.16.1',
71 silly addNameRange     '2.16.2',
71 silly addNameRange     '2.17.0',
71 silly addNameRange     '2.17.1',
71 silly addNameRange     '2.17.2',
71 silly addNameRange     '2.17.3',
71 silly addNameRange     '2.18.0',
71 silly addNameRange     '3.0.0',
71 silly addNameRange     '2.19.0',
71 silly addNameRange     '2.19.1',
71 silly addNameRange     '2.19.2',
71 silly addNameRange     '2.19.3',
71 silly addNameRange     '2.19.4',
71 silly addNameRange     '2.19.5',
71 silly addNameRange     '2.19.6',
71 silly addNameRange     '2.20.0',
71 silly addNameRange     '2.20.1',
71 silly addNameRange     '2.20.2',
71 silly addNameRange     '3.0.1',
71 silly addNameRange     '2.21.0',
71 silly addNameRange     '2.21.1',
71 silly addNameRange     '2.22.0',
71 silly addNameRange     '2.23.0',
71 silly addNameRange     '3.0.2',
71 silly addNameRange     '2.24.0',
71 silly addNameRange     '3.1.0',
71 silly addNameRange     '2.24.1',
71 silly addNameRange     '2.24.2',
71 silly addNameRange     '2.24.3',
71 silly addNameRange     '2.25.0',
71 silly addNameRange     '2.25.1',
71 silly addNameRange     '2.25.2',
71 silly addNameRange     '2.25.3',
71 silly addNameRange     '2.25.4',
71 silly addNameRange     '3.1.1',
71 silly addNameRange     '2.25.5',
71 silly addNameRange     '2.25.6',
71 silly addNameRange     '2.25.7',
71 silly addNameRange     '2.25.8',
71 silly addNameRange     '2.25.9',
71 silly addNameRange     '2.25.10',
71 silly addNameRange     '2.26.0',
71 silly addNameRange     '3.2.0',
71 silly addNameRange     '2.26.1',
71 silly addNameRange     '2.26.2',
71 silly addNameRange     '2.26.3',
71 silly addNameRange     '2.26.4',
71 silly addNameRange     '2.26.5',
71 silly addNameRange     '2.26.6',
71 silly addNameRange     '2.27.0',
71 silly addNameRange     '3.3.0',
71 silly addNameRange     '2.27.1',
71 silly addNameRange     '3.3.1',
71 silly addNameRange     '2.27.2',
71 silly addNameRange     '3.3.2',
71 silly addNameRange     '2.27.3',
71 silly addNameRange     '3.3.3' ] ]
72 verbose addNamed [ 'connect', '3.3.3' ]
73 verbose addNamed [ '3.3.3', '3.3.3' ]
74 silly lockFile 8611911e-connect-3-3-3 connect@3.3.3
75 verbose lock connect@3.3.3 /Users/apple/.npm/8611911e-connect-3-3-3.lock
76 silly lockFile c788c688-js-org-connect-connect-3-3-3-tgz https://registry.npmjs.org/connect/-/connect-3.3.3.tgz
77 verbose lock https://registry.npmjs.org/connect/-/connect-3.3.3.tgz /Users/apple/.npm/c788c688-js-org-connect-connect-3-3-3-tgz.lock
78 verbose addRemoteTarball [ 'https://registry.npmjs.org/connect/-/connect-3.3.3.tgz',
78 verbose addRemoteTarball   '4b37b2cbb27a36e6ae18c9e7d3252ee6260c5941' ]
79 info retry fetch attempt 1 at 21:36:17
80 verbose fetch to= /var/folders/fz/n09rqxkd1_sd1w_9ww_2crwr0000gn/T/npm-18632-nrd0bUQ3/registry.npmjs.org/connect/-/connect-3.3.3.tgz
81 http GET https://registry.npmjs.org/connect/-/connect-3.3.3.tgz
82 http 200 https://registry.npmjs.org/connect/-/connect-3.3.3.tgz
83 silly lockFile c788c688-js-org-connect-connect-3-3-3-tgz https://registry.npmjs.org/connect/-/connect-3.3.3.tgz
84 silly lockFile c788c688-js-org-connect-connect-3-3-3-tgz https://registry.npmjs.org/connect/-/connect-3.3.3.tgz
85 silly lockFile 8611911e-connect-3-3-3 connect@3.3.3
86 silly lockFile 8611911e-connect-3-3-3 connect@3.3.3
87 silly lockFile 6c45e0f3-connect connect@
88 silly lockFile 6c45e0f3-connect connect@
89 error Error: EACCES, mkdir '/Users/apple/.npm/serve-static/1.7.1'
89 error  { [Error: EACCES, mkdir '/Users/apple/.npm/serve-static/1.7.1']
89 error   errno: 3,
89 error   code: 'EACCES',
89 error   path: '/Users/apple/.npm/serve-static/1.7.1' }
90 error Please try running this command again as root/Administrator.
91 error System Darwin 13.3.0
92 error command "node" "/usr/local/bin/npm" "install" "connect" "serve-static"
93 error cwd /Users/apple/ws/ECE4760/4760 Lab
94 error node -v v0.10.33
95 error npm -v 1.4.28
96 error path /Users/apple/.npm/serve-static/1.7.1
97 error code EACCES
98 error errno 3
99 error stack Error: EACCES, mkdir '/Users/apple/.npm/serve-static/1.7.1'
100 verbose exit [ 3, true ]
